<?xml version="1.0" encoding="UTF-8"?>
<!-- Generated by org.testng.reporters.JUnitXMLReporter -->
<testsuite hostname="E3480-Djyoti" ignored="2" name="Test" tests="4" failures="0" timestamp="05 Aug 2020 12:08:21 GMT" time="21.176" errors="0">
  <testcase name="verifyLogin1" time="4.397" classname="com.uiautomation.tests.VerifyLoginTest"/>
  <testcase name="verifyLogin2" time="4.134" classname="com.uiautomation.tests.VerifyLoginTest2"/>
  <testcase name="test2" time="0.0" classname="com.uiautomation.tests.VerifyLoginTest"/>
  <testcase name="test2" time="0.001" classname="com.uiautomation.tests.VerifyLoginTest2"/>
  <testcase name="@BeforeSuite config" time="0.0" classname="com.uiautomation.core.Base">
    <ignored/>
  </testcase> <!-- @BeforeSuite config -->
  <testcase name="@AfterSuite endReport" time="0.0" classname="com.uiautomation.core.Base">
    <ignored/>
  </testcase> <!-- @AfterSuite endReport -->
</testsuite> <!-- Test -->
