<?xml version="1.0" encoding="UTF-8"?>
<testng-results skipped="0" failed="0" ignored="2" total="6" passed="4">
  <reporter-output>
  </reporter-output>
  <suite name="Suite" duration-ms="21176" started-at="2020-08-05T12:07:59Z" finished-at="2020-08-05T12:08:21Z">
    <groups>
    </groups>
    <test name="Test" duration-ms="21176" started-at="2020-08-05T12:07:59Z" finished-at="2020-08-05T12:08:21Z">
      <class name="com.uiautomation.tests.VerifyLoginTest2">
        <test-method status="PASS" signature="beforeTest()[pri:0, instance:com.uiautomation.tests.VerifyLoginTest2@25bbe1b6]" name="beforeTest" is-config="true" duration-ms="3282" started-at="2020-08-05T12:08:10Z" finished-at="2020-08-05T12:08:13Z">
          <reporter-output>
          </reporter-output>
        </test-method> <!-- beforeTest -->
        <test-method status="PASS" signature="beforeMethod()[pri:0, instance:com.uiautomation.tests.VerifyLoginTest2@25bbe1b6]" name="beforeMethod" is-config="true" duration-ms="153" started-at="2020-08-05T12:08:13Z" finished-at="2020-08-05T12:08:13Z">
          <reporter-output>
          </reporter-output>
        </test-method> <!-- beforeMethod -->
        <test-method status="PASS" signature="verifyLogin2(java.lang.reflect.Method)[pri:1, instance:com.uiautomation.tests.VerifyLoginTest2@25bbe1b6]" name="verifyLogin2" duration-ms="4134" started-at="2020-08-05T12:08:13Z" finished-at="2020-08-05T12:08:17Z">
          <params>
            <param index="0">
              <value>
                <![CDATA[public void com.uiautomation.tests.VerifyLoginTest2.verifyLogin2(java.lang.reflect.Method) throws java.io.IOException,org.json.simple.parser.ParseException]]>
              </value>
            </param>
          </params>
          <reporter-output>
          </reporter-output>
        </test-method> <!-- verifyLogin2 -->
        <test-method status="PASS" signature="afterMethod(org.testng.ITestResult)[pri:0, instance:com.uiautomation.tests.VerifyLoginTest2@25bbe1b6]" name="afterMethod" is-config="true" duration-ms="1" started-at="2020-08-05T12:08:17Z" finished-at="2020-08-05T12:08:17Z">
          <params>
            <param index="0">
              <value>
                <![CDATA[[TestResult name=verifyLogin2 status=SUCCESS method=VerifyLoginTest2.verifyLogin2(java.lang.reflect.Method)[pri:1, instance:com.uiautomation.tests.VerifyLoginTest2@25bbe1b6] output={null}]]]>
              </value>
            </param>
          </params>
          <reporter-output>
          </reporter-output>
        </test-method> <!-- afterMethod -->
        <test-method status="PASS" signature="beforeMethod()[pri:0, instance:com.uiautomation.tests.VerifyLoginTest2@25bbe1b6]" name="beforeMethod" is-config="true" duration-ms="5" started-at="2020-08-05T12:08:19Z" finished-at="2020-08-05T12:08:19Z">
          <reporter-output>
          </reporter-output>
        </test-method> <!-- beforeMethod -->
        <test-method status="PASS" signature="test2()[pri:2, instance:com.uiautomation.tests.VerifyLoginTest2@25bbe1b6]" name="test2" duration-ms="1" started-at="2020-08-05T12:08:19Z" finished-at="2020-08-05T12:08:19Z">
          <reporter-output>
          </reporter-output>
        </test-method> <!-- test2 -->
        <test-method status="PASS" signature="afterMethod(org.testng.ITestResult)[pri:0, instance:com.uiautomation.tests.VerifyLoginTest2@25bbe1b6]" name="afterMethod" is-config="true" duration-ms="1" started-at="2020-08-05T12:08:19Z" finished-at="2020-08-05T12:08:19Z">
          <params>
            <param index="0">
              <value>
                <![CDATA[[TestResult name=test2 status=SUCCESS method=VerifyLoginTest2.test2()[pri:2, instance:com.uiautomation.tests.VerifyLoginTest2@25bbe1b6] output={null}]]]>
              </value>
            </param>
          </params>
          <reporter-output>
          </reporter-output>
        </test-method> <!-- afterMethod -->
        <test-method status="PASS" signature="afterTest()[pri:0, instance:com.uiautomation.tests.VerifyLoginTest2@25bbe1b6]" name="afterTest" is-config="true" duration-ms="1492" started-at="2020-08-05T12:08:19Z" finished-at="2020-08-05T12:08:21Z">
          <reporter-output>
          </reporter-output>
        </test-method> <!-- afterTest -->
      </class> <!-- com.uiautomation.tests.VerifyLoginTest2 -->
      <class name="com.uiautomation.tests.VerifyLoginTest">
        <test-method status="PASS" signature="config(java.lang.String, java.lang.String)[pri:0, instance:com.uiautomation.tests.VerifyLoginTest@ff5b51f]" name="config" is-config="true" duration-ms="309" started-at="2020-08-05T12:07:59Z" finished-at="2020-08-05T12:07:59Z">
          <params>
            <param index="0">
              <value>
                <![CDATA[Optional name Automation ]]>
              </value>
            </param>
            <param index="1">
              <value>
                <![CDATA[Automation Report]]>
              </value>
            </param>
          </params>
          <reporter-output>
          </reporter-output>
        </test-method> <!-- config -->
        <test-method status="PASS" signature="beforeTest()[pri:0, instance:com.uiautomation.tests.VerifyLoginTest@ff5b51f]" name="beforeTest" is-config="true" duration-ms="5936" started-at="2020-08-05T12:07:59Z" finished-at="2020-08-05T12:08:05Z">
          <reporter-output>
          </reporter-output>
        </test-method> <!-- beforeTest -->
        <test-method status="PASS" signature="beforeMethod()[pri:0, instance:com.uiautomation.tests.VerifyLoginTest@ff5b51f]" name="beforeMethod" is-config="true" duration-ms="12" started-at="2020-08-05T12:08:05Z" finished-at="2020-08-05T12:08:05Z">
          <reporter-output>
          </reporter-output>
        </test-method> <!-- beforeMethod -->
        <test-method status="PASS" signature="verifyLogin1(java.lang.reflect.Method)[pri:1, instance:com.uiautomation.tests.VerifyLoginTest@ff5b51f]" name="verifyLogin1" duration-ms="4397" started-at="2020-08-05T12:08:05Z" finished-at="2020-08-05T12:08:10Z">
          <params>
            <param index="0">
              <value>
                <![CDATA[public void com.uiautomation.tests.VerifyLoginTest.verifyLogin1(java.lang.reflect.Method) throws java.io.IOException,org.json.simple.parser.ParseException]]>
              </value>
            </param>
          </params>
          <reporter-output>
          </reporter-output>
        </test-method> <!-- verifyLogin1 -->
        <test-method status="PASS" signature="afterMethod(org.testng.ITestResult)[pri:0, instance:com.uiautomation.tests.VerifyLoginTest@ff5b51f]" name="afterMethod" is-config="true" duration-ms="2" started-at="2020-08-05T12:08:10Z" finished-at="2020-08-05T12:08:10Z">
          <params>
            <param index="0">
              <value>
                <![CDATA[[TestResult name=verifyLogin1 status=SUCCESS method=VerifyLoginTest.verifyLogin1(java.lang.reflect.Method)[pri:1, instance:com.uiautomation.tests.VerifyLoginTest@ff5b51f] output={null}]]]>
              </value>
            </param>
          </params>
          <reporter-output>
          </reporter-output>
        </test-method> <!-- afterMethod -->
        <test-method status="PASS" signature="beforeMethod()[pri:0, instance:com.uiautomation.tests.VerifyLoginTest@ff5b51f]" name="beforeMethod" is-config="true" duration-ms="11" started-at="2020-08-05T12:08:17Z" finished-at="2020-08-05T12:08:17Z">
          <reporter-output>
          </reporter-output>
        </test-method> <!-- beforeMethod -->
        <test-method status="PASS" signature="test2()[pri:2, instance:com.uiautomation.tests.VerifyLoginTest@ff5b51f]" name="test2" duration-ms="0" started-at="2020-08-05T12:08:17Z" finished-at="2020-08-05T12:08:17Z">
          <reporter-output>
          </reporter-output>
        </test-method> <!-- test2 -->
        <test-method status="PASS" signature="afterMethod(org.testng.ITestResult)[pri:0, instance:com.uiautomation.tests.VerifyLoginTest@ff5b51f]" name="afterMethod" is-config="true" duration-ms="1" started-at="2020-08-05T12:08:17Z" finished-at="2020-08-05T12:08:17Z">
          <params>
            <param index="0">
              <value>
                <![CDATA[[TestResult name=test2 status=SUCCESS method=VerifyLoginTest.test2()[pri:2, instance:com.uiautomation.tests.VerifyLoginTest@ff5b51f] output={null}]]]>
              </value>
            </param>
          </params>
          <reporter-output>
          </reporter-output>
        </test-method> <!-- afterMethod -->
        <test-method status="PASS" signature="afterTest()[pri:0, instance:com.uiautomation.tests.VerifyLoginTest@ff5b51f]" name="afterTest" is-config="true" duration-ms="1724" started-at="2020-08-05T12:08:17Z" finished-at="2020-08-05T12:08:19Z">
          <reporter-output>
          </reporter-output>
        </test-method> <!-- afterTest -->
        <test-method status="PASS" signature="endReport()[pri:0, instance:com.uiautomation.tests.VerifyLoginTest@ff5b51f]" name="endReport" is-config="true" duration-ms="1550" started-at="2020-08-05T12:08:21Z" finished-at="2020-08-05T12:08:23Z">
          <reporter-output>
          </reporter-output>
        </test-method> <!-- endReport -->
      </class> <!-- com.uiautomation.tests.VerifyLoginTest -->
    </test> <!-- Test -->
  </suite> <!-- Suite -->
</testng-results>
